<?xml version="1.0" encoding="UTF-8"?>
<testsuite xmlns:xsi="http://www.w3.org/2001/XMLSchema-instance" xsi:noNamespaceSchemaLocation="https://maven.apache.org/surefire/maven-surefire-plugin/xsd/surefire-test-report.xsd" version="3.0.2" name="com.example.demo.ClasePrincipalTests" time="6.675" tests="1" errors="0" skipped="0" failures="0">
  <properties>
[...]
</properties>
  <testcase name="contextLoads" classname="com.example.demo.ClasePrincipalTests" time="0.6">
    <system-out><![CDATA[22:40:58.414 [main] INFO org.springframework.test.context.support.AnnotationConfigContextLoaderUtils -- Could not detect default configuration classes for test class [com.example.demo.ClasePrincipalTests]: ClasePrincipalTests does not declare any static, non-private, non-final, nested classes annotated with @Configuration.
22:40:58.522 [main] INFO org.springframework.boot.test.context.SpringBootTestContextBootstrapper -- Found @SpringBootConfiguration com.example.demo.ClasePrincipal for test class com.example.demo.ClasePrincipalTests

  .   ____          _            __ _ _
 /\\ / ___'_ __ _ _(_)_ __  __ _ \ \ \ \
( ( )\___ | '_ | '_| | '_ \/ _` | \ \ \ \
 \\/  ___)| |_)| | | | | || (_| |  ) ) ) )
  '  |____| .__|_| |_|_| |_\__, | / / / /
 =========|_|==============|___/=/_/_/_/

 :: Spring Boot ::                (v3.4.0)

2025-06-04T22:40:59.084-04:00  INFO 16668 --- [demo] [           main] com.example.demo.ClasePrincipalTests     : Starting ClasePrincipalTests using Java 17.0.14 with PID 16668 (started by Carlos in E:\Java\Proyectos SpringBoot\Hazelcast_cache)
2025-06-04T22:40:59.085-04:00  INFO 16668 --- [demo] [           main] com.example.demo.ClasePrincipalTests     : No active profile set, falling back to 1 default profile: "default"
2025-06-04T22:40:59.779-04:00  INFO 16668 --- [demo] [           main] o.s.cloud.context.scope.GenericScope     : BeanFactory id=5d41e6b0-f447-3d3d-98da-89ee6963ffb6
2025-06-04T22:41:00.389-04:00  WARN 16668 --- [demo] [           main] c.h.i.impl.HazelcastInstanceFactory      : Hazelcast is starting in a Java modular environment (Java 9 and newer) but without proper access to required Java packages. Use additional Java arguments to provide Hazelcast access to Java internal API. The internal API access is used to get the best performance results. Arguments to be used:
 --add-modules java.se --add-exports java.base/jdk.internal.ref=ALL-UNNAMED --add-opens java.base/java.lang=ALL-UNNAMED --add-opens java.base/sun.nio.ch=ALL-UNNAMED --add-opens java.management/sun.management=ALL-UNNAMED --add-opens jdk.management/com.sun.management.internal=ALL-UNNAMED
2025-06-04T22:41:00.493-04:00  WARN 16668 --- [demo] [           main] com.hazelcast.instance.AddressPicker     : [LOCAL] [dev] [5.5.0] Ignoring TCP_KEEPCOUNT. It seems your JDK does not support jdk.net.ExtendedSocketOptions on this OS. Try upgrading to the latest JDK or check with your JDK vendor.Alternatively, on Linux, configure tcp_keepalive_probes in the kernel (affecting default keep-alive configuration for all sockets): For more info see https://tldp.org/HOWTO/html_single/TCP-Keepalive-HOWTO/. If this isn't dealt with, idle connections could be closed prematurely.
2025-06-04T22:41:00.493-04:00  WARN 16668 --- [demo] [           main] com.hazelcast.instance.AddressPicker     : [LOCAL] [dev] [5.5.0] Ignoring TCP_KEEPIDLE. It seems your JDK does not support jdk.net.ExtendedSocketOptions on this OS. Try upgrading to the latest JDK or check with your JDK vendor.Alternatively, on Linux, configure tcp_keepalive_time in the kernel (affecting default keep-alive configuration for all sockets): For more info see https://tldp.org/HOWTO/html_single/TCP-Keepalive-HOWTO/. If this isn't dealt with, idle connections could be closed prematurely.
2025-06-04T22:41:00.493-04:00  WARN 16668 --- [demo] [           main] com.hazelcast.instance.AddressPicker     : [LOCAL] [dev] [5.5.0] Ignoring TCP_KEEPINTERVAL. It seems your JDK does not support jdk.net.ExtendedSocketOptions on this OS. Try upgrading to the latest JDK or check with your JDK vendor.Alternatively, on Linux, configure tcp_keepalive_intvl in the kernel (affecting default keep-alive configuration for all sockets): For more info see https://tldp.org/HOWTO/html_single/TCP-Keepalive-HOWTO/. If this isn't dealt with, idle connections could be closed prematurely.
2025-06-04T22:41:00.513-04:00  INFO 16668 --- [demo] [           main] com.hazelcast.system.logo                : [192.168.1.105]:5701 [dev] [5.5.0] 
    o    o     o     o---o   o--o o      o---o     o     o----o o--o--o
    |    |    / \       /         |     /         / \    |         |
    o----o       o     o   o----o |    o             o   o----o    |
    |    |  *     \   /           |     \       *     \       |    |
    o    o *       o o---o   o--o o----o o---o *       o o----o    o

2025-06-04T22:41:00.513-04:00  INFO 16668 --- [demo] [           main] com.hazelcast.system                     : [192.168.1.105]:5701 [dev] [5.5.0] Copyright (c) 2008-2024, Hazelcast, Inc. All Rights Reserved.
2025-06-04T22:41:00.515-04:00  INFO 16668 --- [demo] [           main] com.hazelcast.system                     : [192.168.1.105]:5701 [dev] [5.5.0] Hazelcast Platform 5.5.0 (20240725) starting at [192.168.1.105]:5701
2025-06-04T22:41:00.515-04:00  INFO 16668 --- [demo] [           main] com.hazelcast.system                     : [192.168.1.105]:5701 [dev] [5.5.0] Cluster name: dev
2025-06-04T22:41:00.515-04:00  INFO 16668 --- [demo] [           main] com.hazelcast.system                     : [192.168.1.105]:5701 [dev] [5.5.0] Integrity Checker is disabled. Fail-fast on corrupted executables will not be performed. For more information, see the documentation for Integrity Checker.
2025-06-04T22:41:00.517-04:00  INFO 16668 --- [demo] [           main] com.hazelcast.system                     : [192.168.1.105]:5701 [dev] [5.5.0] The Jet engine is disabled.
To enable the Jet engine on the members, do one of the following:
  - Change member config using Java API: config.getJetConfig().setEnabled(true)
  - Change XML/YAML configuration property: Set hazelcast.jet.enabled to true
  - Add system property: -Dhz.jet.enabled=true (for Hazelcast embedded, works only when loading config via Config.load)
  - Add environment variable: HZ_JET_ENABLED=true (recommended when running container image. For Hazelcast embedded, works only when loading config via Config.load)
2025-06-04T22:41:00.968-04:00  INFO 16668 --- [demo] [           main] com.hazelcast.system.security            : [192.168.1.105]:5701 [dev] [5.5.0] Enable DEBUG/FINE log level for log category com.hazelcast.system.security  or use -Dhazelcast.security.recommendations system property to see security recommendations and the status of current config.
2025-06-04T22:41:01.023-04:00  INFO 16668 --- [demo] [           main] com.hazelcast.instance.impl.Node         : [192.168.1.105]:5701 [dev] [5.5.0] Using Multicast discovery
2025-06-04T22:41:01.192-04:00  INFO 16668 --- [demo] [           main] c.h.internal.diagnostics.Diagnostics     : [192.168.1.105]:5701 [dev] [5.5.0] Diagnostics disabled. To enable add -Dhazelcast.diagnostics.enabled=true to the JVM arguments.
2025-06-04T22:41:01.195-04:00  INFO 16668 --- [demo] [           main] com.hazelcast.core.LifecycleService      : [192.168.1.105]:5701 [dev] [5.5.0] [192.168.1.105]:5701 is STARTING
2025-06-04T22:41:04.185-04:00  INFO 16668 --- [demo] [           main] c.h.internal.cluster.ClusterService      : [192.168.1.105]:5701 [dev] [5.5.0] 

Members {size:1, ver:1} [
	Member [192.168.1.105]:5701 - 2f4e4a75-d881-4573-be09-eaeda071b9c1 this
]

2025-06-04T22:41:04.194-04:00  INFO 16668 --- [demo] [           main] com.hazelcast.core.LifecycleService      : [192.168.1.105]:5701 [dev] [5.5.0] [192.168.1.105]:5701 is STARTED
2025-06-04T22:41:04.302-04:00  INFO 16668 --- [demo] [           main] com.example.demo.ClasePrincipalTests     : Started ClasePrincipalTests in 5.536 seconds (process running for 6.65)
]]></system-out>
  </testcase>
</testsuite>